[debug] [2023-04-15T17:46:18.396Z] ----------------------------------------------------------------------
[debug] [2023-04-15T17:46:18.398Z] Command:       C:\Program Files\nodejs\node.exe C:\Users\DANSTEVE\AppData\Roaming\npm\node_modules\firebase-tools\lib\bin\firebase.js init
[debug] [2023-04-15T17:46:18.398Z] CLI Version:   11.27.0
[debug] [2023-04-15T17:46:18.399Z] Platform:      win32
[debug] [2023-04-15T17:46:18.399Z] Node Version:  v18.15.0
[debug] [2023-04-15T17:46:18.400Z] Time:          Sat Apr 15 2023 19:46:18 GMT+0200 (heure d’été d’Europe centrale)
[debug] [2023-04-15T17:46:18.400Z] ----------------------------------------------------------------------
[debug] 
[debug] [2023-04-15T17:46:18.407Z] > command requires scopes: ["email","openid","https://www.googleapis.com/auth/cloudplatformprojects.readonly","https://www.googleapis.com/auth/firebase","https://www.googleapis.com/auth/cloud-platform"]
[debug] [2023-04-15T17:46:18.408Z] > authorizing via signed-in user (dansteve580@gmail.com)
[info] 
     ######## #### ########  ######## ########     ###     ######  ########
     ##        ##  ##     ## ##       ##     ##  ##   ##  ##       ##
     ######    ##  ########  ######   ########  #########  ######  ######
     ##        ##  ##    ##  ##       ##     ## ##     ##       ## ##
     ##       #### ##     ## ######## ########  ##     ##  ######  ########

You're about to initialize a Firebase project in this directory:

  C:\Users\DANSTEVE\Documents\angular\visio1

[info] 
=== Project Setup
[info] 
[info] First, let's associate this project directory with a Firebase project.
[info] You can create multiple project aliases by running firebase use --add, 
[info] but for now we'll just set up a default project.
[info] 
[info] i  If you want to create a project in a Google Cloud organization or folder, please use "firebase projects:create" instead, and return to this command when you've created the project. 
[debug] [2023-04-15T17:47:01.737Z] >>> [apiv2][query] POST https://cloudresourcemanager.googleapis.com/v1/projects [none]
[debug] [2023-04-15T17:47:01.737Z] >>> [apiv2][body] POST https://cloudresourcemanager.googleapis.com/v1/projects {"projectId":"danstevevisio","name":"visio"}
[debug] [2023-04-15T17:47:02.559Z] <<< [apiv2][status] POST https://cloudresourcemanager.googleapis.com/v1/projects 200
[debug] [2023-04-15T17:47:02.560Z] <<< [apiv2][body] POST https://cloudresourcemanager.googleapis.com/v1/projects {"name":"operations/cp.9150494720729382611"}
[debug] [2023-04-15T17:47:02.562Z] >>> [apiv2][query] GET https://cloudresourcemanager.googleapis.com/v1/operations/cp.9150494720729382611 [none]
[debug] [2023-04-15T17:47:03.350Z] <<< [apiv2][status] GET https://cloudresourcemanager.googleapis.com/v1/operations/cp.9150494720729382611 200
[debug] [2023-04-15T17:47:03.350Z] <<< [apiv2][body] GET https://cloudresourcemanager.googleapis.com/v1/operations/cp.9150494720729382611 {"name":"operations/cp.9150494720729382611"}
[debug] [2023-04-15T17:47:03.855Z] [Project Creation Poller] Retrying task index 0
[debug] [2023-04-15T17:47:03.857Z] >>> [apiv2][query] GET https://cloudresourcemanager.googleapis.com/v1/operations/cp.9150494720729382611 [none]
[debug] [2023-04-15T17:47:04.615Z] <<< [apiv2][status] GET https://cloudresourcemanager.googleapis.com/v1/operations/cp.9150494720729382611 200
[debug] [2023-04-15T17:47:04.616Z] <<< [apiv2][body] GET https://cloudresourcemanager.googleapis.com/v1/operations/cp.9150494720729382611 {"name":"operations/cp.9150494720729382611","metadata":{"@type":"type.googleapis.com/google.cloudresourcemanager.v1.ProjectCreationStatus","gettable":true}}
[debug] [2023-04-15T17:47:05.624Z] [Project Creation Poller] Retrying task index 0
[debug] [2023-04-15T17:47:05.626Z] >>> [apiv2][query] GET https://cloudresourcemanager.googleapis.com/v1/operations/cp.9150494720729382611 [none]
[debug] [2023-04-15T17:47:06.417Z] <<< [apiv2][status] GET https://cloudresourcemanager.googleapis.com/v1/operations/cp.9150494720729382611 200
[debug] [2023-04-15T17:47:06.417Z] <<< [apiv2][body] GET https://cloudresourcemanager.googleapis.com/v1/operations/cp.9150494720729382611 {"name":"operations/cp.9150494720729382611","metadata":{"@type":"type.googleapis.com/google.cloudresourcemanager.v1.ProjectCreationStatus","gettable":true,"ready":true},"done":true,"response":{"@type":"type.googleapis.com/google.cloudresourcemanager.v1.Project","projectNumber":"204847330401","projectId":"danstevevisio","lifecycleState":"ACTIVE","name":"visio","createTime":"2023-04-15T17:47:03.504Z"}}
[debug] [2023-04-15T17:47:06.423Z] >>> [apiv2][query] POST https://firebase.googleapis.com/v1beta1/projects/danstevevisio:addFirebase [none]
[debug] [2023-04-15T17:47:09.703Z] <<< [apiv2][status] POST https://firebase.googleapis.com/v1beta1/projects/danstevevisio:addFirebase 200
[debug] [2023-04-15T17:47:09.703Z] <<< [apiv2][body] POST https://firebase.googleapis.com/v1beta1/projects/danstevevisio:addFirebase {"name":"operations/workflows/ZWQ4NTFlNzctODk4Yi00ZTUwLWFmY2UtODYwMDc5ZjdmNmQy"}
[debug] [2023-04-15T17:47:09.704Z] >>> [apiv2][query] GET https://firebase.googleapis.com/v1beta1/operations/workflows/ZWQ4NTFlNzctODk4Yi00ZTUwLWFmY2UtODYwMDc5ZjdmNmQy [none]
[debug] [2023-04-15T17:47:10.334Z] <<< [apiv2][status] GET https://firebase.googleapis.com/v1beta1/operations/workflows/ZWQ4NTFlNzctODk4Yi00ZTUwLWFmY2UtODYwMDc5ZjdmNmQy 200
[debug] [2023-04-15T17:47:10.334Z] <<< [apiv2][body] GET https://firebase.googleapis.com/v1beta1/operations/workflows/ZWQ4NTFlNzctODk4Yi00ZTUwLWFmY2UtODYwMDc5ZjdmNmQy {"name":"operations/workflows/ZWQ4NTFlNzctODk4Yi00ZTUwLWFmY2UtODYwMDc5ZjdmNmQy"}
[debug] [2023-04-15T17:47:10.840Z] [Add Firebase Poller] Retrying task index 0
[debug] [2023-04-15T17:47:10.843Z] >>> [apiv2][query] GET https://firebase.googleapis.com/v1beta1/operations/workflows/ZWQ4NTFlNzctODk4Yi00ZTUwLWFmY2UtODYwMDc5ZjdmNmQy [none]
[debug] [2023-04-15T17:47:11.457Z] <<< [apiv2][status] GET https://firebase.googleapis.com/v1beta1/operations/workflows/ZWQ4NTFlNzctODk4Yi00ZTUwLWFmY2UtODYwMDc5ZjdmNmQy 200
[debug] [2023-04-15T17:47:11.457Z] <<< [apiv2][body] GET https://firebase.googleapis.com/v1beta1/operations/workflows/ZWQ4NTFlNzctODk4Yi00ZTUwLWFmY2UtODYwMDc5ZjdmNmQy {"name":"operations/workflows/ZWQ4NTFlNzctODk4Yi00ZTUwLWFmY2UtODYwMDc5ZjdmNmQy"}
[debug] [2023-04-15T17:47:12.472Z] [Add Firebase Poller] Retrying task index 0
[debug] [2023-04-15T17:47:12.474Z] >>> [apiv2][query] GET https://firebase.googleapis.com/v1beta1/operations/workflows/ZWQ4NTFlNzctODk4Yi00ZTUwLWFmY2UtODYwMDc5ZjdmNmQy [none]
[debug] [2023-04-15T17:47:12.931Z] <<< [apiv2][status] GET https://firebase.googleapis.com/v1beta1/operations/workflows/ZWQ4NTFlNzctODk4Yi00ZTUwLWFmY2UtODYwMDc5ZjdmNmQy 200
[debug] [2023-04-15T17:47:12.931Z] <<< [apiv2][body] GET https://firebase.googleapis.com/v1beta1/operations/workflows/ZWQ4NTFlNzctODk4Yi00ZTUwLWFmY2UtODYwMDc5ZjdmNmQy {"name":"operations/workflows/ZWQ4NTFlNzctODk4Yi00ZTUwLWFmY2UtODYwMDc5ZjdmNmQy"}
[debug] [2023-04-15T17:47:14.938Z] [Add Firebase Poller] Retrying task index 0
[debug] [2023-04-15T17:47:14.940Z] >>> [apiv2][query] GET https://firebase.googleapis.com/v1beta1/operations/workflows/ZWQ4NTFlNzctODk4Yi00ZTUwLWFmY2UtODYwMDc5ZjdmNmQy [none]
[debug] [2023-04-15T17:47:15.427Z] <<< [apiv2][status] GET https://firebase.googleapis.com/v1beta1/operations/workflows/ZWQ4NTFlNzctODk4Yi00ZTUwLWFmY2UtODYwMDc5ZjdmNmQy 200
[debug] [2023-04-15T17:47:15.428Z] <<< [apiv2][body] GET https://firebase.googleapis.com/v1beta1/operations/workflows/ZWQ4NTFlNzctODk4Yi00ZTUwLWFmY2UtODYwMDc5ZjdmNmQy {"name":"operations/workflows/ZWQ4NTFlNzctODk4Yi00ZTUwLWFmY2UtODYwMDc5ZjdmNmQy"}
[debug] [2023-04-15T17:47:19.442Z] [Add Firebase Poller] Retrying task index 0
[debug] [2023-04-15T17:47:19.445Z] >>> [apiv2][query] GET https://firebase.googleapis.com/v1beta1/operations/workflows/ZWQ4NTFlNzctODk4Yi00ZTUwLWFmY2UtODYwMDc5ZjdmNmQy [none]
[debug] [2023-04-15T17:47:20.094Z] <<< [apiv2][status] GET https://firebase.googleapis.com/v1beta1/operations/workflows/ZWQ4NTFlNzctODk4Yi00ZTUwLWFmY2UtODYwMDc5ZjdmNmQy 200
[debug] [2023-04-15T17:47:20.095Z] <<< [apiv2][body] GET https://firebase.googleapis.com/v1beta1/operations/workflows/ZWQ4NTFlNzctODk4Yi00ZTUwLWFmY2UtODYwMDc5ZjdmNmQy {"name":"operations/workflows/ZWQ4NTFlNzctODk4Yi00ZTUwLWFmY2UtODYwMDc5ZjdmNmQy","done":true,"response":{"@type":"type.googleapis.com/google.firebase.service.v1beta1.FirebaseProject","projectId":"danstevevisio","projectNumber":"204847330401","displayName":"visio","name":"projects/danstevevisio","resources":{"hostingSite":"danstevevisio"}}}
[info] 
[info] === Your Firebase project is ready! ===
[info] 
[info] Project information:
[info]    - Project ID: danstevevisio
[info]    - Project Name: visio
[info] 
[info] Firebase console is available at
[info] https://console.firebase.google.com/project/danstevevisio/overview
[info] i  Using project danstevevisio (visio) 
[info] 
=== Hosting Setup
[info] 
[info] Your public directory is the folder (relative to your project directory) that
[info] will contain Hosting assets to be uploaded with firebase deploy. If you
[info] have a build process for your assets, use your build's output directory.
[info] 
[debug] [2023-04-15T17:53:30.859Z] >>> [apiv2][query] GET https://www.gstatic.com/firebasejs/releases.json [none]
[debug] [2023-04-15T17:53:30.903Z] <<< [apiv2][status] GET https://www.gstatic.com/firebasejs/releases.json 200
[debug] [2023-04-15T17:53:30.903Z] <<< [apiv2][body] GET https://www.gstatic.com/firebasejs/releases.json {"current":{"version":"9.19.1","browserURL":"https://www.gstatic.com/firebasejs/9.19.1/firebase.js","packageURL":"https://www.gstatic.com/firebasejs/9.19.1/firebase.tgz"},"live":{"version":"9.19","browserURL":"https://www.gstatic.com/firebasejs/live/9.19/firebase.js","packageURL":"https://www.gstatic.com/firebasejs/live/9.19/firebase.tgz"},"components":{"analytics":"https://www.gstatic.com/firebasejs/9.19.1/firebase-analytics.js","app":"https://www.gstatic.com/firebasejs/9.19.1/firebase-app.js","app-check":"https://www.gstatic.com/firebasejs/9.19.1/firebase-app-check.js","auth":"https://www.gstatic.com/firebasejs/9.19.1/firebase-auth.js","auth/cordova":"https://www.gstatic.com/firebasejs/9.19.1/firebase-auth/cordova.js","auth/react-native":"https://www.gstatic.com/firebasejs/9.19.1/firebase-auth/react-native.js","functions":"https://www.gstatic.com/firebasejs/9.19.1/firebase-functions.js","firestore":"https://www.gstatic.com/firebasejs/9.19.1/firebase-firestore.js","firestore/lite":"https://www.gstatic.com/firebasejs/9.19.1/firebase-firestore/lite.js","installations":"https://www.gstatic.com/firebasejs/9.19.1/firebase-installations.js","storage":"https://www.gstatic.com/firebasejs/9.19.1/firebase-storage.js","performance":"https://www.gstatic.com/firebasejs/9.19.1/firebase-performance.js","remote-config":"https://www.gstatic.com/firebasejs/9.19.1/firebase-remote-config.js","messaging":"https://www.gstatic.com/firebasejs/9.19.1/firebase-messaging.js","messaging/sw":"https://www.gstatic.com/firebasejs/9.19.1/firebase-messaging/sw.js","database":"https://www.gstatic.com/firebasejs/9.19.1/firebase-database.js","firestore.memory":"https://www.gstatic.com/firebasejs/9.19.1/firebase-firestore.memory.js"}}
[info] +  Wrote dist//index.html 
[info] 
[info] i  Detected a .git folder at C:\Users\DANSTEVE\Documents\angular\visio1 
[info] i  Authorizing with GitHub to upload your service account to a GitHub repository's secrets store. 
[info] 
[info] Visit this URL on this device to log in:
[info] https://github.com/login/oauth/authorize?client_id=89cf50f02ac6aaed3484&state=292423551&redirect_uri=http%3A%2F%2Flocalhost%3A9005&scope=read%3Auser%20repo%20public_repo
[info] 
[info] Waiting for authentication...
[debug] [2023-04-15T17:53:54.670Z] >>> [apiv2][query] POST https://github.com/login/oauth/access_token [none]
[debug] [2023-04-15T17:53:54.670Z] >>> [apiv2][body] POST https://github.com/login/oauth/access_token [stream]
[debug] [2023-04-15T17:53:54.909Z] <<< [apiv2][status] POST https://github.com/login/oauth/access_token 200
[debug] [2023-04-15T17:53:54.910Z] <<< [apiv2][body] POST https://github.com/login/oauth/access_token {"access_token":"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","token_type":"bearer","scope":"read:user,repo"}
[debug] [2023-04-15T17:53:54.932Z] >>> [apiv2][query] GET https://api.github.com/user [none]
[debug] [2023-04-15T17:53:55.179Z] <<< [apiv2][status] GET https://api.github.com/user 200
[debug] [2023-04-15T17:53:55.180Z] <<< [apiv2][body] GET https://api.github.com/user {"login":"The-vie1997","id":130684887,"node_id":"U_kgDOB8oX1w","avatar_url":"https://avatars.githubusercontent.com/u/130684887?v=4","gravatar_id":"","url":"https://api.github.com/users/The-vie1997","html_url":"https://github.com/The-vie1997","followers_url":"https://api.github.com/users/The-vie1997/followers","following_url":"https://api.github.com/users/The-vie1997/following{/other_user}","gists_url":"https://api.github.com/users/The-vie1997/gists{/gist_id}","starred_url":"https://api.github.com/users/The-vie1997/starred{/owner}{/repo}","subscriptions_url":"https://api.github.com/users/The-vie1997/subscriptions","organizations_url":"https://api.github.com/users/The-vie1997/orgs","repos_url":"https://api.github.com/users/The-vie1997/repos","events_url":"https://api.github.com/users/The-vie1997/events{/privacy}","received_events_url":"https://api.github.com/users/The-vie1997/received_events","type":"User","site_admin":false,"name":null,"company":null,"blog":"","location":null,"email":null,"hireable":null,"bio":null,"twitter_username":null,"public_repos":0,"public_gists":0,"followers":0,"following":0,"created_at":"2023-04-13T15:45:46Z","updated_at":"2023-04-13T15:45:46Z","private_gists":0,"total_private_repos":0,"owned_private_repos":0,"disk_usage":0,"collaborators":0,"two_factor_authentication":false,"plan":{"name":"free","space":976562499,"collaborators":0,"private_repos":10000}}
[info] 
[info] +  Success! Logged into GitHub as The-vie1997 
[info] 
[debug] [2023-04-15T17:54:20.431Z] >>> [apiv2][query] GET https://api.github.com/repos/master/actions/secrets/public-key type=owner
[debug] [2023-04-15T17:54:20.641Z] <<< [apiv2][status] GET https://api.github.com/repos/master/actions/secrets/public-key 404
[debug] [2023-04-15T17:54:20.641Z] <<< [apiv2][body] GET https://api.github.com/repos/master/actions/secrets/public-key {"message":"Not Found","documentation_url":"https://docs.github.com/rest"}
[info] 
[info] 
[error] !  The provided authorization cannot be used with this repository. If this repository is in an organization, did you remember to grant access? 
[info] 
[info] i  Action required: Visit this URL to ensure access has been granted to the appropriate organization(s) for the Firebase CLI GitHub OAuth App: 
[info] https://github.com/settings/connections/applications/89cf50f02ac6aaed3484
[info] 
